#
# A fatal error has been detected by the Java Runtime Environment:
#
#  SIGSEGV (0xb) at pc=0x000000011b1bf2c3, pid=79234, tid=80139
#
# JRE version: Java(TM) SE Runtime Environment (8.0_65-b17) (build 1.8.0_65-b17)
# Java VM: Java HotSpot(TM) 64-Bit Server VM (25.65-b01 mixed mode bsd-amd64 compressed oops)
# Problematic frame:
# C  [libawt_lwawt.dylib+0x1b2c3]  OGLSD_SetScratchSurface+0x49
#
# Failed to write core dump. Core dumps have been disabled. To enable core dumping, try "ulimit -c unlimited" before starting Java again
#
# If you would like to submit a bug report, please visit:
#   http://bugreport.java.com/bugreport/crash.jsp
# The crash happened outside the Java Virtual Machine in native code.
# See problematic frame for where to report the bug.
#

---------------  T H R E A D  ---------------

Current thread (0x00007fd50faeb800):  JavaThread "Java2D Queue Flusher" daemon [_thread_in_native, id=80139, stack(0x00007000030ba000,0x00007000031ba000)]

siginfo: si_signo: 11 (SIGSEGV), si_code: 1 (SEGV_MAPERR), si_addr: 0xffffffffffffffff

Registers:
RAX=0x00000000ffffffff, RBX=0xffffffffffffffff, RCX=0x0000000000000047, RDX=0x000000011b1dfa54
RSP=0x00007000031b9860, RBP=0x00007000031b9880, RSI=0x00007fd5034c2f90, RDI=0x00007fd50faeb9f8
R8 =0x0000000000000102, R9 =0xffffffff00000000, R10=0x0000000106541cf8, R11=0x0000000000000000
R12=0x0000000000000000, R13=0x0000000797b10208, R14=0x00007fd50faeb9f8, R15=0x00007fd50faeb800
RIP=0x000000011b1bf2c3, EFLAGS=0x0000000000010286, ERR=0x0000000000000004
  TRAPNO=0x000000000000000e

Top of Stack: (sp=0x00007000031b9860)
0x00007000031b9860:   00007fd5034c2f90 0000000000000000
0x00007000031b9870:   00007fd504c9e810 00007fd50faeb800
0x00007000031b9880:   00007000031b9900 000000011b1df532
0x00007000031b9890:   000000003f000000 0000000000000000
0x00007000031b98a0:   00007000031b98e0 000000011b1bedfa
0x00007000031b98b0:   00007000031b98d0 0000000000000064
0x00007000031b98c0:   00007fd504035ea8 00007fd504c9e820
0x00007000031b98d0:   00007fd500aeb800 00007fd50faeb9f8
0x00007000031b98e0:   000000013b8aa368 0000000000000000
0x00007000031b98f0:   00007000031b99c8 00007fd50faeb800
0x00007000031b9900:   00007000031b9950 0000000106541d6a
0x00007000031b9910:   0000000797bbf8d8 000000010374c34c
0x00007000031b9920:   0000000000000005 00007fd50faeb800
0x00007000031b9930:   0000000797b10201 00007fd503575ef0
0x00007000031b9940:   00007000031b9900 00007fd50faeb800
0x00007000031b9950:   0000000797b10208 00000001060c717c
0x00007000031b9960:   00007000031b99c8 00007fd50faeb800
0x00007000031b9970:   00007000031b99c0 0000000106384368
0x00007000031b9980:   0000000797b10208 000000011d3ae238
0x00007000031b9990:   000000013b8aa558 000000011d3ad270
0x00007000031b99a0:   0000000000000000 00007000031b99d0
0x00007000031b99b0:   0000000797bbf8d8 00000001064d55d0
0x00007000031b99c0:   0000000797b10208 00000001064d55d0
0x00007000031b99d0:   0000000797b101f8 0000000000000000
0x00007000031b99e0:   0000000797b10208 0000000000000000
0x00007000031b99f0:   0000000797b10208 00007000031b9a90
0x00007000031b9a00:   0000000000000001 0000000000000000
0x00007000031b9a10:   00007000031b9a90 0000000105fa37a7
0x00007000031b9a20:   0000000797b101f8 0000000795a3e0b8
0x00007000031b9a30:   0000700000001fa0 000000000000000a
0x00007000031b9a40:   00007fd50faeb800 0000000000000001
0x00007000031b9a50:   0000000105fa371f 000000011d3b0d88 

Instructions: (pc=0x000000011b1bf2c3)
0x000000011b1bf2a3:   c0 e9 82 00 00 00 48 8b 5e 10 48 85 db 75 0e bf
0x000000011b1bf2b3:   01 00 00 00 48 8d 15 d7 71 03 00 eb d6 49 89 fe
0x000000011b1bf2c3:   4c 8b 3b 30 c0 e8 01 9e 02 00 49 8b 3f 49 89 c4
0x000000011b1bf2d3:   48 8b 35 36 f3 05 00 30 c0 e8 2b 9f 02 00 48 85 

Register to memory mapping:

RAX=0x00000000ffffffff is an unknown value
RBX=0xffffffffffffffff is an unknown value
RCX=0x0000000000000047 is an unknown value
RDX=0x000000011b1dfa54: Java_sun_java2d_opengl_OGLRenderQueue_flushBuffer+0xb5c in /Library/Java/JavaVirtualMachines/jdk1.8.0_65.jdk/Contents/Home/jre/lib/libawt_lwawt.dylib at 0x000000011b1a4000
RSP=0x00007000031b9860 is pointing into the stack for thread: 0x00007fd50faeb800
RBP=0x00007000031b9880 is pointing into the stack for thread: 0x00007fd50faeb800
RSI=0x00007fd5034c2f90 is an unknown value
RDI=0x00007fd50faeb9f8 is an unknown value
R8 =0x0000000000000102 is an unknown value
R9 =0xffffffff00000000 is an unknown value
R10=0x0000000106541cf8 is at entry_point+56 in (nmethod*)0x0000000106541b50
R11=0x0000000000000000 is an unknown value
R12=0x0000000000000000 is an unknown value
R13=0x0000000797b10208 is an oop
sun.java2d.opengl.OGLRenderQueue$QueueFlusher 
 - klass: 'sun/java2d/opengl/OGLRenderQueue$QueueFlusher'
R14=0x00007fd50faeb9f8 is an unknown value
R15=0x00007fd50faeb800 is a thread


Stack: [0x00007000030ba000,0x00007000031ba000],  sp=0x00007000031b9860,  free space=1022k
Native frames: (J=compiled Java code, j=interpreted, Vv=VM code, C=native code)
C  [libawt_lwawt.dylib+0x1b2c3]  OGLSD_SetScratchSurface+0x49
C  [libawt_lwawt.dylib+0x3b532]  Java_sun_java2d_opengl_OGLRenderQueue_flushBuffer+0x63a
J 1509  sun.java2d.opengl.OGLRenderQueue.flushBuffer(JI)V (0 bytes) @ 0x0000000106541d6a [0x0000000106541cc0+0xaa]
J 1510 C1 sun.java2d.opengl.OGLRenderQueue.flushBuffer()V (41 bytes) @ 0x00000001060c717c [0x00000001060c6f20+0x25c]
J 1288% C2 sun.java2d.opengl.OGLRenderQueue$QueueFlusher.run()V (234 bytes) @ 0x00000001064d55d0 [0x00000001064d5320+0x2b0]
v  ~StubRoutines::call_stub
V  [libjvm.dylib+0x2eab02]
V  [libjvm.dylib+0x2eb290]
V  [libjvm.dylib+0x2eb43c]
V  [libjvm.dylib+0x345959]
V  [libjvm.dylib+0x5612d3]
V  [libjvm.dylib+0x5629ce]
V  [libjvm.dylib+0x48342e]
C  [libsystem_pthread.dylib+0x6109]  _pthread_start+0x94
C  [libsystem_pthread.dylib+0x1b8b]  thread_start+0xf
C  0x0000000000000000

Java frames: (J=compiled Java code, j=interpreted, Vv=VM code)
J 1509  sun.java2d.opengl.OGLRenderQueue.flushBuffer(JI)V (0 bytes) @ 0x0000000106541cf8 [0x0000000106541cc0+0x38]
J 1510 C1 sun.java2d.opengl.OGLRenderQueue.flushBuffer()V (41 bytes) @ 0x00000001060c717c [0x00000001060c6f20+0x25c]
J 1288% C2 sun.java2d.opengl.OGLRenderQueue$QueueFlusher.run()V (234 bytes) @ 0x00000001064d55d0 [0x00000001064d5320+0x2b0]
v  ~StubRoutines::call_stub

---------------  P R O C E S S  ---------------

Java Threads: ( => current thread )
  0x00007fd512ad2000 JavaThread "TimerQueue" daemon [_thread_blocked, id=43563, stack(0x0000700002201000,0x0000700002301000)]
  0x00007fd510843000 JavaThread "DestroyJavaVM" [_thread_blocked, id=3587, stack(0x00007000019e9000,0x0000700001ae9000)]
  0x00007fd504721000 JavaThread "AWT-EventQueue-0" [_thread_blocked, id=76039, stack(0x00007000032c0000,0x00007000033c0000)]
  0x00007fd504d64000 JavaThread "Java2D Disposer" daemon [_thread_blocked, id=56591, stack(0x00007000031bd000,0x00007000032bd000)]
=>0x00007fd50faeb800 JavaThread "Java2D Queue Flusher" daemon [_thread_in_native, id=80139, stack(0x00007000030ba000,0x00007000031ba000)]
  0x00007fd50a8c4000 JavaThread "AWT-Shutdown" [_thread_blocked, id=25379, stack(0x0000700002ca5000,0x0000700002da5000)]
  0x00007fd50ae69800 JavaThread "AppKit Thread" daemon [_thread_in_native, id=775, stack(0x00007ffeec8fd000,0x00007ffeed0fd000)]
  0x00007fd5048c8800 JavaThread "Attach Listener" daemon [_thread_blocked, id=16899, stack(0x0000700002b1f000,0x0000700002c1f000)]
  0x00007fd5048a4000 JavaThread "Abandoned connection cleanup thread" daemon [_thread_blocked, id=15107, stack(0x0000700002a1c000,0x0000700002b1c000)]
  0x00007fd503880000 JavaThread "Service Thread" daemon [_thread_blocked, id=14595, stack(0x0000700002816000,0x0000700002916000)]
  0x00007fd50387f000 JavaThread "C1 CompilerThread2" daemon [_thread_blocked, id=17667, stack(0x0000700002713000,0x0000700002813000)]
  0x00007fd50480f000 JavaThread "C2 CompilerThread1" daemon [_thread_blocked, id=17923, stack(0x0000700002610000,0x0000700002710000)]
  0x00007fd504093800 JavaThread "C2 CompilerThread0" daemon [_thread_blocked, id=18435, stack(0x000070000250d000,0x000070000260d000)]
  0x00007fd50387b000 JavaThread "Monitor Ctrl-Break" daemon [_thread_in_native, id=18947, stack(0x000070000240a000,0x000070000250a000)]
  0x00007fd505033800 JavaThread "Signal Dispatcher" daemon [_thread_blocked, id=19203, stack(0x0000700002307000,0x0000700002407000)]
  0x00007fd504037800 JavaThread "Finalizer" daemon [_thread_blocked, id=20995, stack(0x00007000020fe000,0x00007000021fe000)]
  0x00007fd504031800 JavaThread "Reference Handler" daemon [_thread_blocked, id=11523, stack(0x0000700001ffb000,0x00007000020fb000)]

Other Threads:
  0x00007fd50402e800 VMThread [stack: 0x0000700001ef8000,0x0000700001ff8000] [id=11267]
  0x00007fd50480d800 WatcherThread [stack: 0x0000700002919000,0x0000700002a19000] [id=14851]

VM state:not at safepoint (normal execution)

VM Mutex/Monitor currently owned by a thread: None

Heap:
 PSYoungGen      total 38400K, used 5787K [0x0000000795580000, 0x0000000798000000, 0x00000007c0000000)
  eden space 33280K, 2% used [0x0000000795580000,0x0000000795628238,0x0000000797600000)
  from space 5120K, 99% used [0x0000000797b00000,0x0000000797ffe9f8,0x0000000798000000)
  to   space 5120K, 0% used [0x0000000797600000,0x0000000797600000,0x0000000797b00000)
 ParOldGen       total 87552K, used 3432K [0x0000000740000000, 0x0000000745580000, 0x0000000795580000)
  object space 87552K, 3% used [0x0000000740000000,0x000000074035a000,0x0000000745580000)
 Metaspace       used 19045K, capacity 19242K, committed 19712K, reserved 1067008K
  class space    used 1596K, capacity 1685K, committed 1792K, reserved 1048576K

Card table byte_map: [0x0000000104749000,0x0000000104b4a000] byte_map_base: 0x0000000100d49000

Marking Bits: (ParMarkBitMap*) 0x0000000103cdee20
 Begin Bits: [0x0000000114fa3000, 0x0000000116fa3000)
 End Bits:   [0x0000000116fa3000, 0x0000000118fa3000)

Polling page: 0x0000000102b71000

CodeCache: size=245760Kb used=5722Kb max_used=5740Kb free=240037Kb
 bounds [0x0000000105fa3000, 0x0000000106543000, 0x0000000114fa3000]
 total_blobs=1954 nmethods=1408 adapters=460
 compilation: enabled

Compilation events (10 events):
Event: 32616.984 Thread 0x00007fd50387f000 1505       3       java.util.concurrent.locks.AbstractQueuedSynchronizer::acquire (27 bytes)
Event: 32616.995 Thread 0x00007fd50387f000 nmethod 1505 0x000000010653e550 code [0x000000010653e700, 0x000000010653ebb8]
Event: 34401.291 Thread 0x00007fd50387f000 1506       1       javax.swing.event.EventListenerList::getListenerList (5 bytes)
Event: 34401.307 Thread 0x00007fd50387f000 nmethod 1506 0x000000010653ed10 code [0x000000010653ee60, 0x000000010653ef70]
Event: 64945.082 Thread 0x00007fd504093800 1507 %     4       java.awt.EventDispatchThread::pumpEventsForFilter @ 10 (47 bytes)
Event: 64945.185 Thread 0x00007fd504093800 nmethod 1507% 0x0000000106541e90 code [0x0000000106542000, 0x00000001065422d8]
Event: 66210.258 Thread 0x00007fd50387f000 1508       3       sun.java2d.pipe.RenderBuffer::getAddress (5 bytes)
Event: 66210.262 Thread 0x00007fd50387f000 nmethod 1508 0x0000000106541850 code [0x00000001065419a0, 0x0000000106541af0]
Event: 66210.287 Thread 0x00007fd50387f000 1510       3       sun.java2d.opengl.OGLRenderQueue::flushBuffer (41 bytes)
Event: 66210.300 Thread 0x00007fd50387f000 nmethod 1510 0x00000001060c6d90 code [0x00000001060c6f20, 0x00000001060c7478]

GC Heap History (8 events):
Event: 7.875 GC heap before
{Heap before GC invocations=1 (full 0):
 PSYoungGen      total 38400K, used 33280K [0x0000000795580000, 0x0000000798000000, 0x00000007c0000000)
  eden space 33280K, 100% used [0x0000000795580000,0x0000000797600000,0x0000000797600000)
  from space 5120K, 0% used [0x0000000797b00000,0x0000000797b00000,0x0000000798000000)
  to   space 5120K, 0% used [0x0000000797600000,0x0000000797600000,0x0000000797b00000)
 ParOldGen       total 87552K, used 0K [0x0000000740000000, 0x0000000745580000, 0x0000000795580000)
  object space 87552K, 0% used [0x0000000740000000,0x0000000740000000,0x0000000745580000)
 Metaspace       used 11290K, capacity 11402K, committed 11776K, reserved 1060864K
  class space    used 631K, capacity 652K, committed 768K, reserved 1048576K
Event: 7.895 GC heap after
Heap after GC invocations=1 (full 0):
 PSYoungGen      total 38400K, used 3970K [0x0000000795580000, 0x0000000798000000, 0x00000007c0000000)
  eden space 33280K, 0% used [0x0000000795580000,0x0000000795580000,0x0000000797600000)
  from space 5120K, 77% used [0x0000000797600000,0x00000007979e0938,0x0000000797b00000)
  to   space 5120K, 0% used [0x0000000797b00000,0x0000000797b00000,0x0000000798000000)
 ParOldGen       total 87552K, used 8K [0x0000000740000000, 0x0000000745580000, 0x0000000795580000)
  object space 87552K, 0% used [0x0000000740000000,0x0000000740002000,0x0000000745580000)
 Metaspace       used 11290K, capacity 11402K, committed 11776K, reserved 1060864K
  class space    used 631K, capacity 652K, committed 768K, reserved 1048576K
}
Event: 11735.033 GC heap before
{Heap before GC invocations=2 (full 0):
 PSYoungGen      total 38400K, used 36770K [0x0000000795580000, 0x0000000798000000, 0x00000007c0000000)
  eden space 33280K, 98% used [0x0000000795580000,0x00000007975881f8,0x0000000797600000)
  from space 5120K, 77% used [0x0000000797600000,0x00000007979e0938,0x0000000797b00000)
  to   space 5120K, 0% used [0x0000000797b00000,0x0000000797b00000,0x0000000798000000)
 ParOldGen       total 87552K, used 8K [0x0000000740000000, 0x0000000745580000, 0x0000000795580000)
  object space 87552K, 0% used [0x0000000740000000,0x0000000740002000,0x0000000745580000)
 Metaspace       used 18910K, capacity 19106K, committed 19456K, reserved 1067008K
  class space    used 1594K, capacity 1685K, committed 1792K, reserved 1048576K
Event: 11737.055 GC heap after
Heap after GC invocations=2 (full 0):
 PSYoungGen      total 38400K, used 5036K [0x0000000795580000, 0x0000000798000000, 0x00000007c0000000)
  eden space 33280K, 0% used [0x0000000795580000,0x0000000795580000,0x0000000797600000)
  from space 5120K, 98% used [0x0000000797b00000,0x0000000797feb3b8,0x0000000798000000)
  to   space 5120K, 0% used [0x0000000797600000,0x0000000797600000,0x0000000797b00000)
 ParOldGen       total 87552K, used 24K [0x0000000740000000, 0x0000000745580000, 0x0000000795580000)
  object space 87552K, 0% used [0x0000000740000000,0x0000000740006000,0x0000000745580000)
 Metaspace       used 18910K, capacity 19106K, committed 19456K, reserved 1067008K
  class space    used 1594K, capacity 1685K, committed 1792K, reserved 1048576K
}
Event: 29706.942 GC heap before
{Heap before GC invocations=3 (full 0):
 PSYoungGen      total 38400K, used 38316K [0x0000000795580000, 0x0000000798000000, 0x00000007c0000000)
  eden space 33280K, 100% used [0x0000000795580000,0x0000000797600000,0x0000000797600000)
  from space 5120K, 98% used [0x0000000797b00000,0x0000000797feb3b8,0x0000000798000000)
  to   space 5120K, 0% used [0x0000000797600000,0x0000000797600000,0x0000000797b00000)
 ParOldGen       total 87552K, used 24K [0x0000000740000000, 0x0000000745580000, 0x0000000795580000)
  object space 87552K, 0% used [0x0000000740000000,0x0000000740006000,0x0000000745580000)
 Metaspace       used 19042K, capacity 19242K, committed 19712K, reserved 1067008K
  class space    used 1596K, capacity 1685K, committed 1792K, reserved 1048576K
Event: 29707.228 GC heap after
Heap after GC invocations=3 (full 0):
 PSYoungGen      total 38400K, used 5113K [0x0000000795580000, 0x0000000798000000, 0x00000007c0000000)
  eden space 33280K, 0% used [0x0000000795580000,0x0000000795580000,0x0000000797600000)
  from space 5120K, 99% used [0x0000000797600000,0x0000000797afe490,0x0000000797b00000)
  to   space 5120K, 0% used [0x0000000797b00000,0x0000000797b00000,0x0000000798000000)
 ParOldGen       total 87552K, used 1360K [0x0000000740000000, 0x0000000745580000, 0x0000000795580000)
  object space 87552K, 1% used [0x0000000740000000,0x0000000740154000,0x0000000745580000)
 Metaspace       used 19042K, capacity 19242K, committed 19712K, reserved 1067008K
  class space    used 1596K, capacity 1685K, committed 1792K, reserved 1048576K
}
Event: 66209.343 GC heap before
{Heap before GC invocations=4 (full 0):
 PSYoungGen      total 38400K, used 38393K [0x0000000795580000, 0x0000000798000000, 0x00000007c0000000)
  eden space 33280K, 100% used [0x0000000795580000,0x0000000797600000,0x0000000797600000)
  from space 5120K, 99% used [0x0000000797600000,0x0000000797afe490,0x0000000797b00000)
  to   space 5120K, 0% used [0x0000000797b00000,0x0000000797b00000,0x0000000798000000)
 ParOldGen       total 87552K, used 1360K [0x0000000740000000, 0x0000000745580000, 0x0000000795580000)
  object space 87552K, 1% used [0x0000000740000000,0x0000000740154000,0x0000000745580000)
 Metaspace       used 19043K, capacity 19242K, committed 19712K, reserved 1067008K
  class space    used 1596K, capacity 1685K, committed 1792K, reserved 1048576K
Event: 66210.081 GC heap after
Heap after GC invocations=4 (full 0):
 PSYoungGen      total 38400K, used 5114K [0x0000000795580000, 0x0000000798000000, 0x00000007c0000000)
  eden space 33280K, 0% used [0x0000000795580000,0x0000000795580000,0x0000000797600000)
  from space 5120K, 99% used [0x0000000797b00000,0x0000000797ffe9f8,0x0000000798000000)
  to   space 5120K, 0% used [0x0000000797600000,0x0000000797600000,0x0000000797b00000)
 ParOldGen       total 87552K, used 3432K [0x0000000740000000, 0x0000000745580000, 0x0000000795580000)
  object space 87552K, 3% used [0x0000000740000000,0x000000074035a000,0x0000000745580000)
 Metaspace       used 19043K, capacity 19242K, committed 19712K, reserved 1067008K
  class space    used 1596K, capacity 1685K, committed 1792K, reserved 1048576K
}

Deoptimization events (10 events):
Event: 11737.132 Thread 0x00007fd504721000 Uncommon trap: reason=speculate_class_check action=maybe_recompile pc=0x00000001064a2710 method=java.awt.Component.dispatchEventImpl(Ljava/awt/AWTEvent;)V @ 98
Event: 26846.151 Thread 0x00007fd504721000 Uncommon trap: reason=speculate_class_check action=maybe_recompile pc=0x000000010649b4e0 method=java.awt.LightweightDispatcher.dispatchEvent(Ljava/awt/AWTEvent;)Z @ 3
Event: 26846.151 Thread 0x00007fd504721000 Uncommon trap: reason=speculate_class_check action=maybe_recompile pc=0x00000001064a2710 method=java.awt.Component.dispatchEventImpl(Ljava/awt/AWTEvent;)V @ 98
Event: 26849.962 Thread 0x00007fd504721000 Uncommon trap: reason=speculate_class_check action=maybe_recompile pc=0x000000010649b4e0 method=java.awt.LightweightDispatcher.dispatchEvent(Ljava/awt/AWTEvent;)Z @ 3
Event: 26849.963 Thread 0x00007fd504721000 Uncommon trap: reason=speculate_class_check action=maybe_recompile pc=0x00000001064a2710 method=java.awt.Component.dispatchEventImpl(Ljava/awt/AWTEvent;)V @ 98
Event: 26873.070 Thread 0x00007fd504721000 Uncommon trap: reason=class_check action=maybe_recompile pc=0x000000010616c61c method=java.awt.LightweightDispatcher.dispatchEvent(Ljava/awt/AWTEvent;)Z @ 24
Event: 26876.649 Thread 0x00007fd504721000 Uncommon trap: reason=class_check action=maybe_recompile pc=0x000000010616c61c method=java.awt.LightweightDispatcher.dispatchEvent(Ljava/awt/AWTEvent;)Z @ 24
Event: 26878.914 Thread 0x00007fd504721000 Uncommon trap: reason=class_check action=maybe_recompile pc=0x000000010616c61c method=java.awt.LightweightDispatcher.dispatchEvent(Ljava/awt/AWTEvent;)Z @ 24
Event: 26882.090 Thread 0x00007fd504721000 Uncommon trap: reason=class_check action=maybe_recompile pc=0x000000010616c61c method=java.awt.LightweightDispatcher.dispatchEvent(Ljava/awt/AWTEvent;)Z @ 24
Event: 32608.772 Thread 0x00007fd50ae69800 Uncommon trap: reason=unstable_if action=reinterpret pc=0x0000000106535938 method=java.util.concurrent.locks.AbstractQueuedSynchronizer.acquireQueued(Ljava/util/concurrent/locks/AbstractQueuedSynchronizer$Node;I)Z @ 17

Internal exceptions (10 events):
Event: 1.025 Thread 0x00007fd504009800 Exception <a 'java/security/PrivilegedActionException'> (0x0000000795b1bf58) thrown at [/Users/java_re/workspace/8-2-build-macosx-x86_64/jdk8u65/4987/hotspot/src/share/vm/prims/jvm.cpp, line 1386]
Event: 1.026 Thread 0x00007fd504009800 Exception <a 'java/security/PrivilegedActionException'> (0x0000000795b1f3e0) thrown at [/Users/java_re/workspace/8-2-build-macosx-x86_64/jdk8u65/4987/hotspot/src/share/vm/prims/jvm.cpp, line 1386]
Event: 1.026 Thread 0x00007fd504009800 Exception <a 'java/security/PrivilegedActionException'> (0x0000000795b1f7d8) thrown at [/Users/java_re/workspace/8-2-build-macosx-x86_64/jdk8u65/4987/hotspot/src/share/vm/prims/jvm.cpp, line 1386]
Event: 8.126 Thread 0x00007fd504009800 Exception <a 'java/lang/NullPointerException'> (0x0000000795756578) thrown at [/Users/java_re/workspace/8-2-build-macosx-x86_64/jdk8u65/4987/hotspot/src/share/vm/interpreter/linkResolver.cpp, line 1178]
Event: 8.127 Thread 0x00007fd504009800 Exception <a 'java/lang/NullPointerException'> (0x0000000795756780) thrown at [/Users/java_re/workspace/8-2-build-macosx-x86_64/jdk8u65/4987/hotspot/src/share/vm/interpreter/linkResolver.cpp, line 1178]
Event: 8.731 Thread 0x00007fd504009800 Exception <a 'java/lang/NoSuchFieldError': method resolution failed> (0x0000000795930530) thrown at [/Users/java_re/workspace/8-2-build-macosx-x86_64/jdk8u65/4987/hotspot/src/share/vm/prims/methodHandles.cpp, line 1146]
Event: 8.737 Thread 0x00007fd504009800 Exception <a 'java/lang/NoSuchFieldError': method resolution failed> (0x000000079593e4c0) thrown at [/Users/java_re/workspace/8-2-build-macosx-x86_64/jdk8u65/4987/hotspot/src/share/vm/prims/methodHandles.cpp, line 1146]
Event: 9.361 Thread 0x00007fd504009800 Exception <a 'java/io/FileNotFoundException'> (0x00000007959d7e50) thrown at [/Users/java_re/workspace/8-2-build-macosx-x86_64/jdk8u65/4987/hotspot/src/share/vm/prims/jni.cpp, line 709]
Event: 9.362 Thread 0x00007fd504009800 Exception <a 'java/io/FileNotFoundException'> (0x00000007959d89c0) thrown at [/Users/java_re/workspace/8-2-build-macosx-x86_64/jdk8u65/4987/hotspot/src/share/vm/prims/jni.cpp, line 709]
Event: 11737.164 Thread 0x00007fd504037800 Exception <a 'java/lang/NullPointerException'> (0x0000000795699070) thrown at [/Users/java_re/workspace/8-2-build-macosx-x86_64/jdk8u65/4987/hotspot/src/share/vm/interpreter/linkResolver.cpp, line 1178]

Events (10 events):
Event: 66210.201 Executing VM operation: RevokeBias
Event: 66210.201 Executing VM operation: RevokeBias done
Event: 66210.201 Executing VM operation: RevokeBias
Event: 66210.201 Executing VM operation: RevokeBias done
Event: 66210.266 Thread 0x00007fd50387f000 flushing nmethod 0x00000001060b3cd0
Event: 66210.278 Thread 0x00007fd50387f000 flushing nmethod 0x00000001060c5b50
Event: 66210.278 Thread 0x00007fd50387f000 flushing nmethod 0x00000001060c65d0
Event: 66210.278 Thread 0x00007fd50387f000 flushing nmethod 0x00000001060c68d0
Event: 66210.278 Thread 0x00007fd50387f000 flushing nmethod 0x00000001060c6f50
Event: 66210.301 Thread 0x00007fd50387f000 flushing nmethod 0x00000001060e2190


Dynamic libraries:
0x00000000080b9000 	/System/Library/Frameworks/Cocoa.framework/Versions/A/Cocoa
0x00000000080b9000 	/System/Library/Frameworks/Security.framework/Versions/A/Security
0x00000000080b9000 	/System/Library/Frameworks/ApplicationServices.framework/Versions/A/ApplicationServices
0x00000000080b9000 	/usr/lib/libz.1.dylib
0x00000000080b9000 	/usr/lib/libSystem.B.dylib
0x00000000080b9000 	/usr/lib/libobjc.A.dylib
0x00000000080b9000 	/System/Library/Frameworks/CoreFoundation.framework/Versions/A/CoreFoundation
0x00000000080b9000 	/System/Library/Frameworks/Foundation.framework/Versions/C/Foundation
0x00000000080b9000 	/System/Library/Frameworks/AppKit.framework/Versions/C/AppKit
0x00000000080b9000 	/System/Library/Frameworks/CoreData.framework/Versions/A/CoreData
0x00000000080b9000 	/System/Library/PrivateFrameworks/UIFoundation.framework/Versions/A/UIFoundation
0x00000000080b9000 	/System/Library/PrivateFrameworks/RemoteViewServices.framework/Versions/A/RemoteViewServices
0x00000000080b9000 	/System/Library/PrivateFrameworks/XCTTargetBootstrap.framework/Versions/A/XCTTargetBootstrap
0x00000000080b9000 	/System/Library/Frameworks/CoreDisplay.framework/Versions/A/CoreDisplay
0x00000000080b9000 	/System/Library/Frameworks/Metal.framework/Versions/A/Metal
0x00000000080b9000 	/System/Library/PrivateFrameworks/DesktopServicesPriv.framework/Versions/A/DesktopServicesPriv
0x00000000080b9000 	/usr/lib/liblangid.dylib
0x00000000080b9000 	/System/Library/PrivateFrameworks/CoreSVG.framework/Versions/A/CoreSVG
0x00000000080b9000 	/System/Library/PrivateFrameworks/SkyLight.framework/Versions/A/SkyLight
0x00000000080b9000 	/System/Library/Frameworks/CoreGraphics.framework/Versions/A/CoreGraphics
0x00000000080b9000 	/System/Library/Frameworks/Accelerate.framework/Versions/A/Accelerate
0x00000000080b9000 	/usr/lib/libxml2.2.dylib
0x00000000080b9000 	/System/Library/PrivateFrameworks/IconServices.framework/Versions/A/IconServices
0x00000000080b9000 	/System/Library/Frameworks/IOSurface.framework/Versions/A/IOSurface
0x00000000080b9000 	/usr/lib/libDiagnosticMessagesClient.dylib
0x00000000080b9000 	/System/Library/PrivateFrameworks/DFRFoundation.framework/Versions/A/DFRFoundation
0x00000000080b9000 	/usr/lib/libicucore.A.dylib
0x00000000080b9000 	/System/Library/Frameworks/AudioToolbox.framework/Versions/A/AudioToolbox
0x00000000080b9000 	/System/Library/Frameworks/AudioUnit.framework/Versions/A/AudioUnit
0x00000000080b9000 	/usr/lib/libauto.dylib
0x00000000080b9000 	/System/Library/PrivateFrameworks/DataDetectorsCore.framework/Versions/A/DataDetectorsCore
0x00000000080b9000 	/System/Library/Frameworks/Carbon.framework/Versions/A/Frameworks/HIToolbox.framework/Versions/A/HIToolbox
0x00000000080b9000 	/System/Library/Frameworks/QuartzCore.framework/Versions/A/QuartzCore
0x00000000080b9000 	/System/Library/Frameworks/Carbon.framework/Versions/A/Frameworks/SpeechRecognition.framework/Versions/A/SpeechRecognition
0x00000000080b9000 	/System/Library/PrivateFrameworks/CoreUI.framework/Versions/A/CoreUI
0x00000000080b9000 	/System/Library/Frameworks/CoreAudio.framework/Versions/A/CoreAudio
0x00000000080b9000 	/System/Library/Frameworks/DiskArbitration.framework/Versions/A/DiskArbitration
0x00000000080b9000 	/System/Library/PrivateFrameworks/MultitouchSupport.framework/Versions/A/MultitouchSupport
0x00000000080b9000 	/usr/lib/libenergytrace.dylib
0x00000000080b9000 	/System/Library/Frameworks/IOKit.framework/Versions/A/IOKit
0x00000000080b9000 	/System/Library/Frameworks/CoreServices.framework/Versions/A/CoreServices
0x00000000080b9000 	/System/Library/PrivateFrameworks/PerformanceAnalysis.framework/Versions/A/PerformanceAnalysis
0x00000000080b9000 	/System/Library/Frameworks/OpenGL.framework/Versions/A/OpenGL
0x00000000080b9000 	/System/Library/Frameworks/ColorSync.framework/Versions/A/ColorSync
0x00000000080b9000 	/System/Library/Frameworks/CoreImage.framework/Versions/A/CoreImage
0x00000000080b9000 	/System/Library/Frameworks/CoreText.framework/Versions/A/CoreText
0x00000000080b9000 	/System/Library/Frameworks/ImageIO.framework/Versions/A/ImageIO
0x00000000080b9000 	/usr/lib/libc++.1.dylib
0x00000000080b9000 	/usr/lib/libcompression.dylib
0x00000000080b9000 	/usr/lib/libMobileGestalt.dylib
0x00000000080b9000 	/System/Library/PrivateFrameworks/TextureIO.framework/Versions/A/TextureIO
0x00000000080b9000 	/usr/lib/libate.dylib
0x00000000080b9000 	/System/Library/PrivateFrameworks/InternationalSupport.framework/Versions/A/InternationalSupport
0x00000000080b9000 	/usr/lib/system/libcache.dylib
0x00000000080b9000 	/usr/lib/system/libcommonCrypto.dylib
0x00000000080b9000 	/usr/lib/system/libcompiler_rt.dylib
0x00000000080b9000 	/usr/lib/system/libcopyfile.dylib
0x00000000080b9000 	/usr/lib/system/libcorecrypto.dylib
0x00000000080b9000 	/usr/lib/system/libdispatch.dylib
0x00000000080b9000 	/usr/lib/system/libdyld.dylib
0x00000000080b9000 	/usr/lib/system/libkeymgr.dylib
0x00000000080b9000 	/usr/lib/system/liblaunch.dylib
0x00000000080b9000 	/usr/lib/system/libmacho.dylib
0x00000000080b9000 	/usr/lib/system/libquarantine.dylib
0x00000000080b9000 	/usr/lib/system/libremovefile.dylib
0x00000000080b9000 	/usr/lib/system/libsystem_asl.dylib
0x00000000080b9000 	/usr/lib/system/libsystem_blocks.dylib
0x00000000080b9000 	/usr/lib/system/libsystem_c.dylib
0x00000000080b9000 	/usr/lib/system/libsystem_configuration.dylib
0x00000000080b9000 	/usr/lib/system/libsystem_coreservices.dylib
0x00000000080b9000 	/usr/lib/system/libsystem_darwin.dylib
0x00000000080b9000 	/usr/lib/system/libsystem_dnssd.dylib
0x00000000080b9000 	/usr/lib/system/libsystem_featureflags.dylib
0x00000000080b9000 	/usr/lib/system/libsystem_info.dylib
0x00000000080b9000 	/usr/lib/system/libsystem_m.dylib
0x00000000080b9000 	/usr/lib/system/libsystem_malloc.dylib
0x00000000080b9000 	/usr/lib/system/libsystem_networkextension.dylib
0x00000000080b9000 	/usr/lib/system/libsystem_notify.dylib
0x00000000080b9000 	/usr/lib/system/libsystem_sandbox.dylib
0x00000000080b9000 	/usr/lib/system/libsystem_secinit.dylib
0x00000000080b9000 	/usr/lib/system/libsystem_kernel.dylib
0x00000000080b9000 	/usr/lib/system/libsystem_platform.dylib
0x00000000080b9000 	/usr/lib/system/libsystem_pthread.dylib
0x00000000080b9000 	/usr/lib/system/libsystem_symptoms.dylib
0x00000000080b9000 	/usr/lib/system/libsystem_trace.dylib
0x00000000080b9000 	/usr/lib/system/libunwind.dylib
0x00000000080b9000 	/usr/lib/system/libxpc.dylib
0x00000000080b9000 	/usr/lib/libc++abi.dylib
0x00000000080b9000 	/usr/lib/liblzma.5.dylib
0x00000000080b9000 	/usr/lib/libfakelink.dylib
0x00000000080b9000 	/usr/lib/libarchive.2.dylib
0x00000000080b9000 	/System/Library/Frameworks/SystemConfiguration.framework/Versions/A/SystemConfiguration
0x00000000080b9000 	/usr/lib/libCRFSuite.dylib
0x00000000080b9000 	/System/Library/Frameworks/CFNetwork.framework/Versions/A/CFNetwork
0x00000000080b9000 	/usr/lib/libbsm.0.dylib
0x00000000080b9000 	/usr/lib/system/libkxld.dylib
0x00000000080b9000 	/System/Library/PrivateFrameworks/AppleFSCompression.framework/Versions/A/AppleFSCompression
0x00000000080b9000 	/usr/lib/libcoretls.dylib
0x00000000080b9000 	/usr/lib/libcoretls_cfhelpers.dylib
0x00000000080b9000 	/usr/lib/libpam.2.dylib
0x00000000080b9000 	/usr/lib/libsqlite3.dylib
0x00000000080b9000 	/usr/lib/libxar.1.dylib
0x00000000080b9000 	/usr/lib/libbz2.1.0.dylib
0x00000000080b9000 	/usr/lib/libiconv.2.dylib
0x00000000080b9000 	/usr/lib/libcharset.1.dylib
0x00000000080b9000 	/usr/lib/libnetwork.dylib
0x00000000080b9000 	/usr/lib/libpcap.A.dylib
0x00000000080b9000 	/usr/lib/libapple_nghttp2.dylib
0x00000000080b9000 	/System/Library/Frameworks/CoreServices.framework/Versions/A/Frameworks/FSEvents.framework/Versions/A/FSEvents
0x00000000080b9000 	/System/Library/Frameworks/CoreServices.framework/Versions/A/Frameworks/CarbonCore.framework/Versions/A/CarbonCore
0x00000000080b9000 	/System/Library/Frameworks/CoreServices.framework/Versions/A/Frameworks/Metadata.framework/Versions/A/Metadata
0x00000000080b9000 	/System/Library/Frameworks/CoreServices.framework/Versions/A/Frameworks/OSServices.framework/Versions/A/OSServices
0x00000000080b9000 	/System/Library/Frameworks/CoreServices.framework/Versions/A/Frameworks/SearchKit.framework/Versions/A/SearchKit
0x00000000080b9000 	/System/Library/Frameworks/CoreServices.framework/Versions/A/Frameworks/AE.framework/Versions/A/AE
0x00000000080b9000 	/System/Library/Frameworks/CoreServices.framework/Versions/A/Frameworks/LaunchServices.framework/Versions/A/LaunchServices
0x00000000080b9000 	/System/Library/Frameworks/CoreServices.framework/Versions/A/Frameworks/DictionaryServices.framework/Versions/A/DictionaryServices
0x00000000080b9000 	/System/Library/Frameworks/CoreServices.framework/Versions/A/Frameworks/SharedFileList.framework/Versions/A/SharedFileList
0x00000000080b9000 	/System/Library/Frameworks/NetFS.framework/Versions/A/NetFS
0x00000000080b9000 	/System/Library/PrivateFrameworks/NetAuth.framework/Versions/A/NetAuth
0x00000000080b9000 	/System/Library/PrivateFrameworks/login.framework/Versions/A/Frameworks/loginsupport.framework/Versions/A/loginsupport
0x00000000080b9000 	/System/Library/PrivateFrameworks/TCC.framework/Versions/A/TCC
0x00000000080b9000 	/System/Library/PrivateFrameworks/CoreNLP.framework/Versions/A/CoreNLP
0x00000000080b9000 	/System/Library/PrivateFrameworks/MetadataUtilities.framework/Versions/A/MetadataUtilities
0x00000000080b9000 	/usr/lib/libmecabra.dylib
0x00000000080b9000 	/usr/lib/libmecab.dylib
0x00000000080b9000 	/usr/lib/libgermantok.dylib
0x00000000080b9000 	/usr/lib/libThaiTokenizer.dylib
0x00000000080b9000 	/usr/lib/libChineseTokenizer.dylib
0x00000000080b9000 	/System/Library/Frameworks/Accelerate.framework/Versions/A/Frameworks/vImage.framework/Versions/A/vImage
0x00000000080b9000 	/System/Library/Frameworks/Accelerate.framework/Versions/A/Frameworks/vecLib.framework/Versions/A/vecLib
0x00000000080b9000 	/System/Library/Frameworks/Accelerate.framework/Versions/A/Frameworks/vecLib.framework/Versions/A/libvMisc.dylib
0x00000000080b9000 	/System/Library/Frameworks/Accelerate.framework/Versions/A/Frameworks/vecLib.framework/Versions/A/libvDSP.dylib
0x00000000080b9000 	/System/Library/Frameworks/Accelerate.framework/Versions/A/Frameworks/vecLib.framework/Versions/A/libBLAS.dylib
0x00000000080b9000 	/System/Library/Frameworks/Accelerate.framework/Versions/A/Frameworks/vecLib.framework/Versions/A/libLAPACK.dylib
0x00000000080b9000 	/System/Library/Frameworks/Accelerate.framework/Versions/A/Frameworks/vecLib.framework/Versions/A/libLinearAlgebra.dylib
0x00000000080b9000 	/System/Library/Frameworks/Accelerate.framework/Versions/A/Frameworks/vecLib.framework/Versions/A/libSparseBLAS.dylib
0x00000000080b9000 	/System/Library/Frameworks/Accelerate.framework/Versions/A/Frameworks/vecLib.framework/Versions/A/libQuadrature.dylib
0x00000000080b9000 	/System/Library/Frameworks/Accelerate.framework/Versions/A/Frameworks/vecLib.framework/Versions/A/libBNNS.dylib
0x00000000080b9000 	/System/Library/Frameworks/Accelerate.framework/Versions/A/Frameworks/vecLib.framework/Versions/A/libSparse.dylib
0x00000000080b9000 	/System/Library/PrivateFrameworks/LanguageModeling.framework/Versions/A/LanguageModeling
0x00000000080b9000 	/System/Library/PrivateFrameworks/CoreEmoji.framework/Versions/A/CoreEmoji
0x00000000080b9000 	/System/Library/PrivateFrameworks/LinguisticData.framework/Versions/A/LinguisticData
0x00000000080b9000 	/System/Library/PrivateFrameworks/Lexicon.framework/Versions/A/Lexicon
0x00000000080b9000 	/usr/lib/libcmph.dylib
0x00000000080b9000 	/System/Library/Frameworks/OpenDirectory.framework/Versions/A/Frameworks/CFOpenDirectory.framework/Versions/A/CFOpenDirectory
0x00000000080b9000 	/System/Library/Frameworks/OpenDirectory.framework/Versions/A/OpenDirectory
0x00000000080b9000 	/System/Library/PrivateFrameworks/APFS.framework/Versions/A/APFS
0x00000000080b9000 	/System/Library/Frameworks/SecurityFoundation.framework/Versions/A/SecurityFoundation
0x00000000080b9000 	/usr/lib/libutil.dylib
0x00000000080b9000 	/System/Library/PrivateFrameworks/CoreServicesStore.framework/Versions/A/CoreServicesStore
0x00000000080b9000 	/System/Library/Frameworks/ServiceManagement.framework/Versions/A/ServiceManagement
0x00000000080b9000 	/System/Library/PrivateFrameworks/BackgroundTaskManagement.framework/Versions/A/BackgroundTaskManagement
0x00000000080b9000 	/usr/lib/libxslt.1.dylib
0x00000000080b9000 	/System/Library/PrivateFrameworks/AppleSystemInfo.framework/Versions/A/AppleSystemInfo
0x00000000080b9000 	/System/Library/Frameworks/ImageIO.framework/Versions/A/Resources/libJPEG.dylib
0x00000000080b9000 	/System/Library/Frameworks/ImageIO.framework/Versions/A/Resources/libTIFF.dylib
0x00000000080b9000 	/System/Library/Frameworks/ImageIO.framework/Versions/A/Resources/libPng.dylib
0x00000000080b9000 	/System/Library/Frameworks/ImageIO.framework/Versions/A/Resources/libGIF.dylib
0x00000000080b9000 	/System/Library/Frameworks/ImageIO.framework/Versions/A/Resources/libJP2.dylib
0x00000000080b9000 	/System/Library/Frameworks/ImageIO.framework/Versions/A/Resources/libRadiance.dylib
0x00000000080b9000 	/usr/lib/libexpat.1.dylib
0x00000000080b9000 	/System/Library/PrivateFrameworks/AppleJPEG.framework/Versions/A/AppleJPEG
0x00000000080b9000 	/System/Library/PrivateFrameworks/FontServices.framework/libFontParser.dylib
0x00000000080b9000 	/System/Library/PrivateFrameworks/WatchdogClient.framework/Versions/A/WatchdogClient
0x00000000080b9000 	/System/Library/PrivateFrameworks/IOAccelerator.framework/Versions/A/IOAccelerator
0x00000000080b9000 	/System/Library/Frameworks/MetalPerformanceShaders.framework/Versions/A/MetalPerformanceShaders
0x00000000080b9000 	/System/Library/PrivateFrameworks/GPUWrangler.framework/Versions/A/GPUWrangler
0x00000000080b9000 	/System/Library/PrivateFrameworks/IOPresentment.framework/Versions/A/IOPresentment
0x00000000080b9000 	/System/Library/PrivateFrameworks/DSExternalDisplay.framework/Versions/A/DSExternalDisplay
0x00000000080b9000 	/System/Library/Frameworks/OpenGL.framework/Versions/A/Libraries/libCoreFSCache.dylib
0x00000000080b9000 	/System/Library/Frameworks/MetalPerformanceShaders.framework/Frameworks/MPSCore.framework/Versions/A/MPSCore
0x00000000080b9000 	/System/Library/Frameworks/MetalPerformanceShaders.framework/Frameworks/MPSImage.framework/Versions/A/MPSImage
0x00000000080b9000 	/System/Library/Frameworks/MetalPerformanceShaders.framework/Frameworks/MPSNeuralNetwork.framework/Versions/A/MPSNeuralNetwork
0x00000000080b9000 	/System/Library/Frameworks/MetalPerformanceShaders.framework/Frameworks/MPSMatrix.framework/Versions/A/MPSMatrix
0x00000000080b9000 	/System/Library/Frameworks/MetalPerformanceShaders.framework/Frameworks/MPSRayIntersector.framework/Versions/A/MPSRayIntersector
0x00000000080b9000 	/System/Library/Frameworks/MetalPerformanceShaders.framework/Frameworks/MPSNDArray.framework/Versions/A/MPSNDArray
0x00000000080b9000 	/System/Library/PrivateFrameworks/MetalTools.framework/Versions/A/MetalTools
0x00000000080b9000 	/System/Library/PrivateFrameworks/AggregateDictionary.framework/Versions/A/AggregateDictionary
0x00000000080b9000 	/System/Library/PrivateFrameworks/CoreAnalytics.framework/Versions/A/CoreAnalytics
0x00000000080b9000 	/System/Library/PrivateFrameworks/AppleSauce.framework/Versions/A/AppleSauce
0x00000000080b9000 	/usr/lib/libIOReport.dylib
0x00000000080b9000 	/System/Library/Frameworks/CoreVideo.framework/Versions/A/CoreVideo
0x00000000080b9000 	/System/Library/PrivateFrameworks/GraphVisualizer.framework/Versions/A/GraphVisualizer
0x00000000080b9000 	/System/Library/PrivateFrameworks/FaceCore.framework/Versions/A/FaceCore
0x00000000080b9000 	/System/Library/Frameworks/OpenCL.framework/Versions/A/OpenCL
0x00000000080b9000 	/usr/lib/libFosl_dynamic.dylib
0x00000000080b9000 	/System/Library/PrivateFrameworks/OTSVG.framework/Versions/A/OTSVG
0x00000000080b9000 	/System/Library/Frameworks/ApplicationServices.framework/Versions/A/Frameworks/ATS.framework/Versions/A/Resources/libFontRegistry.dylib
0x00000000080b9000 	/System/Library/PrivateFrameworks/FontServices.framework/libhvf.dylib
0x00000000080b9000 	/System/Library/Frameworks/OpenGL.framework/Versions/A/Libraries/libGFXShared.dylib
0x00000000080b9000 	/System/Library/Frameworks/OpenGL.framework/Versions/A/Libraries/libGLU.dylib
0x00000000080b9000 	/System/Library/Frameworks/OpenGL.framework/Versions/A/Libraries/libGL.dylib
0x00000000080b9000 	/System/Library/Frameworks/OpenGL.framework/Versions/A/Libraries/libGLImage.dylib
0x00000000080b9000 	/System/Library/Frameworks/OpenGL.framework/Versions/A/Libraries/libCVMSPluginSupport.dylib
0x00000000080b9000 	/System/Library/Frameworks/OpenGL.framework/Versions/A/Libraries/libCoreVMClient.dylib
0x00000000080b9000 	/usr/lib/libncurses.5.4.dylib
0x00000000080b9000 	/System/Library/Frameworks/ApplicationServices.framework/Versions/A/Frameworks/ATS.framework/Versions/A/ATS
0x00000000080b9000 	/System/Library/Frameworks/ApplicationServices.framework/Versions/A/Frameworks/ColorSyncLegacy.framework/Versions/A/ColorSyncLegacy
0x00000000080b9000 	/System/Library/Frameworks/ApplicationServices.framework/Versions/A/Frameworks/HIServices.framework/Versions/A/HIServices
0x00000000080b9000 	/System/Library/Frameworks/ApplicationServices.framework/Versions/A/Frameworks/LangAnalysis.framework/Versions/A/LangAnalysis
0x00000000080b9000 	/System/Library/Frameworks/ApplicationServices.framework/Versions/A/Frameworks/PrintCore.framework/Versions/A/PrintCore
0x00000000080b9000 	/System/Library/Frameworks/ApplicationServices.framework/Versions/A/Frameworks/QD.framework/Versions/A/QD
0x00000000080b9000 	/System/Library/Frameworks/ApplicationServices.framework/Versions/A/Frameworks/SpeechSynthesis.framework/Versions/A/SpeechSynthesis
0x00000000080b9000 	/System/Library/Frameworks/ApplicationServices.framework/Versions/A/Frameworks/ATSUI.framework/Versions/A/ATSUI
0x00000000080b9000 	/usr/lib/libcups.2.dylib
0x00000000080b9000 	/System/Library/Frameworks/Kerberos.framework/Versions/A/Kerberos
0x00000000080b9000 	/System/Library/Frameworks/GSS.framework/Versions/A/GSS
0x00000000080b9000 	/usr/lib/libresolv.9.dylib
0x00000000080b9000 	/System/Library/PrivateFrameworks/Heimdal.framework/Versions/A/Heimdal
0x00000000080b9000 	/System/Library/Frameworks/Kerberos.framework/Versions/A/Libraries/libHeimdalProxy.dylib
0x00000000080b9000 	/usr/lib/libheimdal-asn1.dylib
0x00000000080b9000 	/System/Library/PrivateFrameworks/CommonAuth.framework/Versions/A/CommonAuth
0x00000000080b9000 	/System/Library/PrivateFrameworks/AssertionServices.framework/Versions/A/AssertionServices
0x00000000080b9000 	/System/Library/PrivateFrameworks/AudioToolboxCore.framework/Versions/A/AudioToolboxCore
0x00000000080b9000 	/System/Library/PrivateFrameworks/caulk.framework/Versions/A/caulk
0x00000000080b9000 	/System/Library/PrivateFrameworks/BaseBoard.framework/Versions/A/BaseBoard
0x00000000080b9000 	/System/Library/PrivateFrameworks/RunningBoardServices.framework/Versions/A/RunningBoardServices
0x00000000080b9000 	/System/Library/PrivateFrameworks/PersistentConnection.framework/Versions/A/PersistentConnection
0x00000000080b9000 	/System/Library/PrivateFrameworks/ProtocolBuffer.framework/Versions/A/ProtocolBuffer
0x00000000080b9000 	/System/Library/PrivateFrameworks/CommonUtilities.framework/Versions/A/CommonUtilities
0x00000000080b9000 	/System/Library/PrivateFrameworks/Bom.framework/Versions/A/Bom
0x00000000080b9000 	/usr/lib/libAudioToolboxUtility.dylib
0x00000000080b9000 	/System/Library/PrivateFrameworks/Backup.framework/Versions/A/Backup
0x00000000080b9000 	/System/Library/PrivateFrameworks/CrashReporterSupport.framework/Versions/A/CrashReporterSupport
0x00000000080b9000 	/System/Library/PrivateFrameworks/Sharing.framework/Versions/A/Sharing
0x00000000080b9000 	/System/Library/PrivateFrameworks/Apple80211.framework/Versions/A/Apple80211
0x00000000080b9000 	/System/Library/PrivateFrameworks/AuthKit.framework/Versions/A/AuthKit
0x00000000080b9000 	/System/Library/PrivateFrameworks/CoreUtils.framework/Versions/A/CoreUtils
0x00000000080b9000 	/System/Library/Frameworks/CoreWLAN.framework/Versions/A/CoreWLAN
0x00000000080b9000 	/System/Library/Frameworks/IOBluetooth.framework/Versions/A/IOBluetooth
0x00000000080b9000 	/System/Library/PrivateFrameworks/MobileKeyBag.framework/Versions/A/MobileKeyBag
0x00000000080b9000 	/System/Library/PrivateFrameworks/CorePhoneNumbers.framework/Versions/A/CorePhoneNumbers
0x00000000080b9000 	/System/Library/PrivateFrameworks/AppleIDAuthSupport.framework/Versions/A/AppleIDAuthSupport
0x00000000080b9000 	/System/Library/Frameworks/Network.framework/Versions/A/Network
0x00000000080b9000 	/System/Library/PrivateFrameworks/KeychainCircle.framework/Versions/A/KeychainCircle
0x00000000080b9000 	/System/Library/Frameworks/CoreBluetooth.framework/Versions/A/CoreBluetooth
0x00000000080b9000 	/System/Library/PrivateFrameworks/SpeechRecognitionCore.framework/Versions/A/SpeechRecognitionCore
0x0000000103400000 	/Library/Java/JavaVirtualMachines/jdk1.8.0_65.jdk/Contents/Home/jre/lib/server/libjvm.dylib
0x00000000080b9000 	/usr/lib/libstdc++.6.dylib
0x0000000102b2e000 	/Library/Java/JavaVirtualMachines/jdk1.8.0_65.jdk/Contents/Home/jre/lib/libverify.dylib
0x0000000102b3c000 	/Library/Java/JavaVirtualMachines/jdk1.8.0_65.jdk/Contents/Home/jre/lib/libjava.dylib
0x0000000102b72000 	/Library/Java/JavaVirtualMachines/jdk1.8.0_65.jdk/Contents/Home/jre/lib/libinstrument.dylib
0x0000000102bde000 	/Library/Java/JavaVirtualMachines/jdk1.8.0_65.jdk/Contents/Home/jre/lib/libzip.dylib
0x00000000080b9000 	/System/Library/Frameworks/JavaVM.framework/Versions/A/Frameworks/JavaRuntimeSupport.framework/Versions/A/JavaRuntimeSupport
0x00000000080b9000 	/System/Library/Frameworks/JavaVM.framework/Versions/A/Frameworks/JavaNativeFoundation.framework/Versions/A/JavaNativeFoundation
0x00000000080b9000 	/System/Library/Frameworks/JavaVM.framework/Versions/A/JavaVM
0x00000000080b9000 	/System/Library/Frameworks/Carbon.framework/Versions/A/Carbon
0x00000000080b9000 	/System/Library/PrivateFrameworks/CoreSymbolication.framework/Versions/A/CoreSymbolication
0x00000000080b9000 	/System/Library/PrivateFrameworks/JavaLaunching.framework/Versions/A/JavaLaunching
0x00000000080b9000 	/System/Library/Frameworks/Carbon.framework/Versions/A/Frameworks/CommonPanels.framework/Versions/A/CommonPanels
0x00000000080b9000 	/System/Library/Frameworks/Carbon.framework/Versions/A/Frameworks/Help.framework/Versions/A/Help
0x00000000080b9000 	/System/Library/Frameworks/Carbon.framework/Versions/A/Frameworks/ImageCapture.framework/Versions/A/ImageCapture
0x00000000080b9000 	/System/Library/Frameworks/Carbon.framework/Versions/A/Frameworks/OpenScripting.framework/Versions/A/OpenScripting
0x00000000080b9000 	/System/Library/Frameworks/Carbon.framework/Versions/A/Frameworks/Ink.framework/Versions/A/Ink
0x00000000080b9000 	/System/Library/Frameworks/Carbon.framework/Versions/A/Frameworks/Print.framework/Versions/A/Print
0x00000000080b9000 	/System/Library/Frameworks/Carbon.framework/Versions/A/Frameworks/SecurityHI.framework/Versions/A/SecurityHI
0x00000000080b9000 	/System/Library/PrivateFrameworks/DebugSymbols.framework/Versions/A/DebugSymbols
0x0000000105d6d000 	/Library/Java/JavaVirtualMachines/jdk1.8.0_65.jdk/Contents/Home/jre/lib/libnet.dylib
0x0000000105d84000 	/Library/Java/JavaVirtualMachines/jdk1.8.0_65.jdk/Contents/Home/jre/lib/libnio.dylib
0x0000000105d94000 	/Library/Java/JavaVirtualMachines/jdk1.8.0_65.jdk/Contents/Home/jre/lib/libawt.dylib
0x000000011b0d8000 	/Library/Java/JavaVirtualMachines/jdk1.8.0_65.jdk/Contents/Home/jre/lib/libmlib_image.dylib
0x000000011b1a4000 	/Library/Java/JavaVirtualMachines/jdk1.8.0_65.jdk/Contents/Home/jre/lib/libawt_lwawt.dylib
0x0000000105e3c000 	/Library/Java/JavaVirtualMachines/jdk1.8.0_65.jdk/Contents/Home/jre/lib/libosxapp.dylib
0x00000000080b9000 	/System/Library/Frameworks/ExceptionHandling.framework/Versions/A/ExceptionHandling
0x00000000080b9000 	/System/Library/PrivateFrameworks/CoreServicesInternal.framework/Versions/A/CoreServicesInternal
0x00000000080b9000 	/System/Library/Frameworks/FileProvider.framework/Versions/A/FileProvider
0x00000000080b9000 	/System/Library/Frameworks/Accounts.framework/Versions/A/Accounts
0x00000000080b9000 	/System/Library/PrivateFrameworks/GenerationalStorage.framework/Versions/A/GenerationalStorage
0x00000000080b9000 	/System/Library/PrivateFrameworks/SymptomDiagnosticReporter.framework/Versions/A/SymptomDiagnosticReporter
0x00000000080b9000 	/System/Library/PrivateFrameworks/AppContainer.framework/Versions/A/AppContainer
0x00000000080b9000 	/usr/lib/libsandbox.1.dylib
0x00000000080b9000 	/System/Library/PrivateFrameworks/UserManagement.framework/Versions/A/UserManagement
0x00000000080b9000 	/System/Library/PrivateFrameworks/ChunkingLibrary.framework/Versions/A/ChunkingLibrary
0x00000000080b9000 	/System/Library/PrivateFrameworks/AppSandbox.framework/Versions/A/AppSandbox
0x00000000080b9000 	/System/Library/PrivateFrameworks/SecCodeWrapper.framework/Versions/A/SecCodeWrapper
0x00000000080b9000 	/usr/lib/libMatch.1.dylib
0x00000000080b9000 	/System/Library/CoreServices/RawCamera.bundle/Contents/MacOS/RawCamera
0x00000000080b9000 	/System/Library/PrivateFrameworks/MobileAsset.framework/Versions/A/MobileAsset
0x00000000080b9000 	/System/Library/PrivateFrameworks/StreamingZip.framework/Versions/A/StreamingZip
0x00000000080b9000 	/System/Library/Frameworks/MediaToolbox.framework/Versions/A/MediaToolbox
0x00000000080b9000 	/System/Library/PrivateFrameworks/CoreAVCHD.framework/Versions/A/CoreAVCHD
0x00000000080b9000 	/System/Library/Frameworks/MediaAccessibility.framework/Versions/A/MediaAccessibility
0x00000000080b9000 	/System/Library/PrivateFrameworks/Mangrove.framework/Versions/A/Mangrove
0x00000000080b9000 	/System/Library/Frameworks/CoreMedia.framework/Versions/A/CoreMedia
0x00000000080b9000 	/System/Library/PrivateFrameworks/MediaExperience.framework/Versions/A/MediaExperience
0x00000000080b9000 	/System/Library/Frameworks/VideoToolbox.framework/Versions/A/VideoToolbox
0x00000000080b9000 	/System/Library/PrivateFrameworks/CoreAUC.framework/Versions/A/CoreAUC
0x00000000080b9000 	/usr/lib/libspindump.dylib
0x00000000080b9000 	/System/Library/PrivateFrameworks/AudioResourceArbitration.framework/Versions/A/AudioResourceArbitration
0x00000000080b9000 	/System/Library/PrivateFrameworks/AppleVA.framework/Versions/A/AppleVA
0x00000000080b9000 	/System/Library/Frameworks/Accelerate.framework/Versions/A/Frameworks/vImage.framework/Versions/A/Libraries/libCGInterfaces.dylib
0x000000011c908000 	/usr/lib/libobjc-trampolines.dylib
0x00000000080b9000 	/System/Library/PrivateFrameworks/FontServices.framework/libTrueTypeScaler.dylib
0x00000000080b9000 	/System/Library/Extensions/AppleIntelHD5000GraphicsMTLDriver.bundle/Contents/MacOS/AppleIntelHD5000GraphicsMTLDriver
0x00000000080b9000 	/System/Library/PrivateFrameworks/GPUCompiler.framework/Versions/3902/Libraries/libmetal_timestamp.dylib
0x00000000080b9000 	/System/Library/PrivateFrameworks/FamilyControls.framework/Versions/A/FamilyControls
0x00000000080b9000 	/System/Library/PrivateFrameworks/CommerceKit.framework/Versions/A/Frameworks/CommerceCore.framework/Versions/A/CommerceCore
0x00000000080b9000 	/System/Library/PrivateFrameworks/SystemAdministration.framework/Versions/A/SystemAdministration
0x00000000080b9000 	/System/Library/PrivateFrameworks/DiskManagement.framework/Versions/A/DiskManagement
0x00000000080b9000 	/System/Library/Frameworks/DirectoryService.framework/Versions/A/DirectoryService
0x00000000080b9000 	/System/Library/PrivateFrameworks/DiskImages.framework/Versions/A/DiskImages
0x00000000080b9000 	/System/Library/PrivateFrameworks/LoginUIKit.framework/Versions/A/Frameworks/LoginUICore.framework/Versions/A/LoginUICore
0x00000000080b9000 	/usr/lib/libCoreStorage.dylib
0x00000000080b9000 	/usr/lib/libcsfde.dylib
0x00000000080b9000 	/usr/lib/libodfde.dylib
0x00000000080b9000 	/System/Library/PrivateFrameworks/MediaKit.framework/Versions/A/MediaKit
0x00000000080b9000 	/System/Library/Frameworks/DiscRecording.framework/Versions/A/DiscRecording
0x00000000080b9000 	/System/Library/PrivateFrameworks/EFILogin.framework/Versions/A/EFILogin
0x00000000080b9000 	/System/Library/PrivateFrameworks/ProtectedCloudStorage.framework/Versions/A/ProtectedCloudStorage
0x00000000080b9000 	/usr/lib/libcurl.4.dylib
0x00000000080b9000 	/usr/lib/libcrypto.44.dylib
0x00000000080b9000 	/usr/lib/libssl.46.dylib
0x00000000080b9000 	/System/Library/Frameworks/LDAP.framework/Versions/A/LDAP
0x00000000080b9000 	/System/Library/PrivateFrameworks/TrustEvaluationAgent.framework/Versions/A/TrustEvaluationAgent
0x00000000080b9000 	/usr/lib/libsasl2.2.dylib
0x00000000080b9000 	/System/Library/PrivateFrameworks/CoreDaemon.framework/Versions/B/CoreDaemon
0x00000000080b9000 	/System/Library/PrivateFrameworks/AppleSRP.framework/Versions/A/AppleSRP
0x00000000080b9000 	/System/Library/PrivateFrameworks/ViewBridge.framework/Versions/A/ViewBridge
0x00000000080b9000 	/System/Library/Frameworks/OpenGL.framework/Versions/A/Resources/GLEngine.bundle/GLEngine
0x00000000080b9000 	/System/Library/Frameworks/OpenGL.framework/Versions/A/Libraries/libGLProgrammability.dylib
0x00000000080b9000 	/System/Library/Extensions/AppleIntelHD5000GraphicsGLDriver.bundle/Contents/MacOS/AppleIntelHD5000GraphicsGLDriver
0x00000000080b9000 	/System/Library/PrivateFrameworks/GPUSupport.framework/Versions/A/Libraries/libGPUSupportMercury.dylib
0x00000000080b9000 	/System/Library/Frameworks/OpenGL.framework/Versions/A/Resources/GLRendererFloat.bundle/GLRendererFloat
0x00000000080b9000 	/System/Library/Frameworks/OpenCL.framework/Versions/A/Libraries/libcldcpuengine.dylib
0x00000000080b9000 	/System/Library/PrivateFrameworks/login.framework/Versions/A/login
0x000000011ddd7000 	/Library/Java/JavaVirtualMachines/jdk1.8.0_65.jdk/Contents/Home/jre/lib/libfontmanager.dylib
0x000000011de3e000 	/Library/Java/JavaVirtualMachines/jdk1.8.0_65.jdk/Contents/Home/jre/lib/libosxui.dylib
0x00000000080b9000 	/System/Library/PrivateFrameworks/HDRProcessing.framework/Versions/A/HDRProcessing
0x00000000080b9000 	/System/Library/PrivateFrameworks/MallocStackLogging.framework/Versions/A/MallocStackLogging

VM Arguments:
jvm_args: -javaagent:/Applications/IntelliJ IDEA CE.app/Contents/lib/idea_rt.jar=61974:/Applications/IntelliJ IDEA CE.app/Contents/bin -Dfile.encoding=UTF-8 
java_command: org.clas.modules.utils.ALERTDatabaseConstantProvider
java_class_path (initial): /Library/Java/JavaVirtualMachines/jdk1.8.0_65.jdk/Contents/Home/jre/lib/charsets.jar:/Library/Java/JavaVirtualMachines/jdk1.8.0_65.jdk/Contents/Home/jre/lib/deploy.jar:/Library/Java/JavaVirtualMachines/jdk1.8.0_65.jdk/Contents/Home/jre/lib/ext/cldrdata.jar:/Library/Java/JavaVirtualMachines/jdk1.8.0_65.jdk/Contents/Home/jre/lib/ext/dnsns.jar:/Library/Java/JavaVirtualMachines/jdk1.8.0_65.jdk/Contents/Home/jre/lib/ext/jaccess.jar:/Library/Java/JavaVirtualMachines/jdk1.8.0_65.jdk/Contents/Home/jre/lib/ext/jfxrt.jar:/Library/Java/JavaVirtualMachines/jdk1.8.0_65.jdk/Contents/Home/jre/lib/ext/localedata.jar:/Library/Java/JavaVirtualMachines/jdk1.8.0_65.jdk/Contents/Home/jre/lib/ext/nashorn.jar:/Library/Java/JavaVirtualMachines/jdk1.8.0_65.jdk/Contents/Home/jre/lib/ext/sunec.jar:/Library/Java/JavaVirtualMachines/jdk1.8.0_65.jdk/Contents/Home/jre/lib/ext/sunjce_provider.jar:/Library/Java/JavaVirtualMachines/jdk1.8.0_65.jdk/Contents/Home/jre/lib/ext/sunpkcs11.jar:/Library/Java/JavaVirtualMachines/jdk1.8.0_65.jdk/Contents/Home/jre/lib/ext/zipfs.jar:/Library/Java/JavaVirtualMachines/jdk1.8.0_65.jdk/Contents/Home/jre/lib/javaws.jar:/Library/Java/JavaVirtualMachines/jdk1.8.0_65.jdk/Contents/Home/jre/lib/jce.jar:/Library/Java/JavaVirtualMachines/jdk1.8.0_65.jdk/Contents/Home/jre/lib/jfr.jar:/Library/Java/JavaVirtualMachines/jdk1.8.0_65.jdk/Contents/Home/jre/lib/jfxswt.jar:/Library/Java/JavaVirtualMachines/jdk1.8.0_65.jdk/Contents/Home/jre/lib/jsse.jar:/Library/Java/JavaVirtualMachines/jdk1.8.0_65.jdk/Contents/Home/jre/lib/management-agent.jar:/Library/Java/JavaVirtualMachines/jdk1.8.0_65.jdk/Contents/Home/jre/lib/plugin.jar:/Library/Java/JavaVirtualMachines/jdk1.8.0_65.jdk/Contents/Home/jre/lib/resources.jar:/Library/Java/JavaVirtualMachines/jdk1.8.0_65.jdk/Contents/Home/jre/lib/rt.jar:/Library/Java/JavaVirtualMachines/jdk1.8.0_65.jdk/Contents/Home/lib/ant-javafx.jar:/Library/Java/JavaVirtualMachines/jdk1.8.0_65.jdk/Contents/Home/lib/dt.jar:/Library/Ja
Launcher Type: SUN_STANDARD

Environment Variables:
PATH=/Users/fizikci0147/work/vcs/SIMC/simc-file-input/bin:/bin:/Users/fizikci0147/geant4/geant4_10_6_build/bin:/usr/local/bin:/usr/bin:/bin:/usr/sbin:/sbin:/Library/TeX/texbin:/usr/local/share/dotnet:/opt/X11/bin:~/.dotnet/tools:/Library/Apple/usr/bin:/Library/Frameworks/Mono.framework/Versions/Current/Commands:/Library/TeX/Distributions/.DefaultTeX/Contents/Programs/texbin
SHELL=/bin/bash
DISPLAY=/private/tmp/com.apple.launchd.Eg41giMjkC/org.macosforge.xquartz:0

Signal Handlers:
SIGSEGV: [libjvm.dylib+0x5a6d31], sa_mask[0]=11111111011111110111111111111111, sa_flags=SA_ONSTACK|SA_RESTART|SA_SIGINFO
SIGBUS: [libjvm.dylib+0x5a6d31], sa_mask[0]=11111111011111110111111111111111, sa_flags=SA_RESTART|SA_SIGINFO
SIGFPE: [libjvm.dylib+0x480a40], sa_mask[0]=11111111011111110111111111111111, sa_flags=SA_RESTART|SA_SIGINFO
SIGPIPE: [libjvm.dylib+0x480a40], sa_mask[0]=11111111011111110111111111111111, sa_flags=SA_RESTART|SA_SIGINFO
SIGXFSZ: [libjvm.dylib+0x480a40], sa_mask[0]=11111111011111110111111111111111, sa_flags=SA_RESTART|SA_SIGINFO
SIGILL: [libjvm.dylib+0x480a40], sa_mask[0]=11111111011111110111111111111111, sa_flags=SA_RESTART|SA_SIGINFO
SIGUSR1: SIG_DFL, sa_mask[0]=00000000000000000000000000000000, sa_flags=none
SIGUSR2: [libjvm.dylib+0x48055e], sa_mask[0]=00100000000000000000000000000000, sa_flags=SA_RESTART|SA_SIGINFO
SIGHUP: [libjvm.dylib+0x47eb35], sa_mask[0]=11111111011111110111111111111111, sa_flags=SA_RESTART|SA_SIGINFO
SIGINT: [libjvm.dylib+0x47eb35], sa_mask[0]=11111111011111110111111111111111, sa_flags=SA_RESTART|SA_SIGINFO
SIGTERM: [libjvm.dylib+0x47eb35], sa_mask[0]=11111111011111110111111111111111, sa_flags=SA_RESTART|SA_SIGINFO
SIGQUIT: [libjvm.dylib+0x47eb35], sa_mask[0]=11111111011111110111111111111111, sa_flags=SA_RESTART|SA_SIGINFO


---------------  S Y S T E M  ---------------

OS:Bsduname:Darwin 19.6.0 Darwin Kernel Version 19.6.0: Tue Aug 24 20:28:00 PDT 2021; root:xnu-6153.141.40~1/RELEASE_X86_64 x86_64
rlimit: STACK 8192k, CORE 0k, NPROC 1392, NOFILE 10240, AS infinity
load average:9.89 5.94 3.83

CPU:total 4 (2 cores per cpu, 2 threads per core) family 6 model 69 stepping 1, cmov, cx8, fxsr, mmx, sse, sse2, sse3, ssse3, sse4.1, sse4.2, popcnt, avx, avx2, aes, clmul, erms, lzcnt, ht, tsc, tscinvbit, bmi1, bmi2

Memory: 4k page, physical 8388608k(26532k free)

/proc/meminfo:


vm_info: Java HotSpot(TM) 64-Bit Server VM (25.65-b01) for bsd-amd64 JRE (1.8.0_65-b17), built on Oct  6 2015 15:36:46 by "java_re" with gcc 4.2.1 (Based on Apple Inc. build 5658) (LLVM build 2336.11.00)

time: Mon Oct 11 09:54:03 2021
elapsed time: 66210 seconds (0d 18h 23m 30s)

